<?xml version="1.0" encoding="UTF-8"?>
<testng-results ignored="0" total="1" passed="1" failed="0" skipped="0">
  <reporter-output>
  </reporter-output>
  <suite started-at="2024-10-27T17:46:39 IST" name="Default suite" finished-at="2024-10-27T17:47:39 IST" duration-ms="59809">
    <groups>
    </groups>
    <test started-at="2024-10-27T17:46:39 IST" name="Default test" finished-at="2024-10-27T17:47:39 IST" duration-ms="59809">
      <class name="nba_tests.NBA_Assesment">
        <test-method signature="testNBAPlayer()[pri:0, instance:nba_tests.NBA_Assesment@35cabb2a]" started-at="2024-10-27T17:46:39 IST" name="testNBAPlayer" finished-at="2024-10-27T17:47:39 IST" duration-ms="59755" status="PASS">
          <reporter-output>
          </reporter-output>
        </test-method> <!-- testNBAPlayer -->
      </class> <!-- nba_tests.NBA_Assesment -->
    </test> <!-- Default test -->
  </suite> <!-- Default suite -->
</testng-results>
